{
  "RSpec": {
    "coverage": {
      "/Users/student/projects/bank_tech_test/spec/account_spec.rb": {
        "lines": [
          1,
          null,
          1,
          5,
          null,
          null,
          1,
          1,
          null,
          null,
          1,
          1,
          1,
          1,
          null,
          null,
          1,
          1,
          1,
          1,
          null,
          null,
          null,
          1,
          1,
          1,
          1,
          1,
          null,
          null,
          null,
          null
        ]
      },
      "/Users/student/projects/bank_tech_test/lib/account.rb": {
        "lines": [
          1,
          null,
          1,
          null,
          1,
          null,
          1,
          4,
          4,
          4,
          4,
          null,
          null,
          1,
          4,
          null,
          null,
          1,
          1,
          1,
          1,
          1,
          1,
          null,
          null,
          null
        ]
      },
      "/Users/student/projects/bank_tech_test/lib/statement.rb": {
        "lines": [
          1,
          null,
          1,
          null,
          1,
          2,
          null,
          null,
          1,
          1,
          null,
          null,
          1,
          1,
          1,
          null,
          null,
          null
        ]
      },
      "/Users/student/projects/bank_tech_test/spec/statement_spec.rb": {
        "lines": [
          1,
          null,
          1,
          3,
          null,
          null,
          1,
          1,
          1,
          null,
          null,
          1,
          1,
          1,
          1,
          null,
          1,
          1,
          null,
          1,
          null,
          null,
          null,
          null
        ]
      }
    },
    "timestamp": 1635347323
  }
}
